2026-07-13 22:14:11,708 | 0x101 Engine ECU [0, 8]
2026-07-13 22:14:12,711 | 0x101 Engine ECU [20, 13]
2026-07-13 22:14:13,715 | 0x101 Engine ECU [40, 18]
2026-07-13 22:14:14,717 | 0x101 Engine ECU [60, 23]
2026-07-13 22:14:15,721 | 0x101 Engine ECU [80, 28]
2026-07-13 22:14:16,727 | 0x101 Engine ECU [100, 33]
2026-07-13 22:14:17,732 | 0x101 Engine ECU [80, 28]
2026-07-13 22:14:18,737 | 0x101 Engine ECU [60, 23]
2026-07-13 22:14:19,741 | 0x101 Engine ECU [40, 18]
2026-07-13 22:14:20,746 | 0x101 Engine ECU [20, 13]
2026-07-13 22:14:21,751 | 0x101 Engine ECU [0, 8]
2026-07-13 22:24:55,538 | 0x101 | Engine ECU | [0, 8]
2026-07-13 22:28:25,371 | 0x101 | Engine ECU | [0, 8]
2026-07-13 22:28:26,374 | 0x101 | Engine ECU | [20, 13]
2026-07-13 22:28:27,379 | 0x101 | Engine ECU | [40, 18]
2026-07-13 22:28:28,383 | 0x101 | Engine ECU | [60, 23]
2026-07-13 22:28:29,397 | 0x101 | Engine ECU | [80, 28]
2026-07-13 22:28:30,401 | 0x101 | Engine ECU | [100, 33]
2026-07-13 22:28:31,404 | 0x101 | Engine ECU | [80, 28]
2026-07-13 22:28:32,408 | 0x101 | Engine ECU | [60, 23]
2026-07-13 22:28:33,410 | 0x101 | Engine ECU | [40, 18]
2026-07-13 22:28:34,412 | 0x101 | Engine ECU | [20, 13]
2026-07-13 22:28:35,415 | 0x101 | Engine ECU | [0, 8]
2026-07-13 22:42:59,059 | 0x700 | Gateway ECU | [1]
2026-07-13 22:42:59,059 | 0x700 | Cluster ECU | [1]
2026-07-13 22:42:59,060 | 0x101 | Engine ECU | [0, 8]
2026-07-13 22:42:59,060 | 0x700 | Engine ECU | [1]
2026-07-13 22:42:59,060 | 0x700 | Body ECU | [1]
2026-07-13 22:43:00,061 | 0x101 | Engine ECU | [20, 13]
2026-07-13 22:43:01,063 | 0x101 | Engine ECU | [40, 18]
2026-07-13 22:43:02,065 | 0x101 | Engine ECU | [60, 23]
2026-07-13 22:43:03,068 | 0x101 | Engine ECU | [80, 28]
2026-07-13 22:43:04,061 | 0x700 | Cluster ECU | [1]
2026-07-13 22:43:04,062 | 0x700 | Gateway ECU | [1]
2026-07-13 22:43:04,062 | 0x700 | Body ECU | [1]
2026-07-13 22:43:04,063 | 0x700 | Engine ECU | [1]
2026-07-13 22:43:04,069 | 0x101 | Engine ECU | [100, 33]
2026-07-13 22:43:05,072 | 0x101 | Engine ECU | [80, 28]
2026-07-13 22:43:06,075 | 0x101 | Engine ECU | [60, 23]
2026-07-13 22:43:07,078 | 0x101 | Engine ECU | [40, 18]
2026-07-13 22:43:08,080 | 0x101 | Engine ECU | [20, 13]
2026-07-13 22:43:09,064 | 0x700 | Cluster ECU | [1]
2026-07-13 22:43:09,065 | 0x700 | Gateway ECU | [1]
2026-07-13 22:43:09,065 | 0x700 | Engine ECU | [1]
2026-07-13 22:43:09,065 | 0x700 | Body ECU | [1]
2026-07-13 22:43:09,082 | 0x101 | Engine ECU | [0, 8]
2026-07-13 22:43:14,068 | 0x700 | Engine ECU | [1]
2026-07-13 22:43:14,068 | 0x700 | Gateway ECU | [1]
2026-07-13 22:43:14,068 | 0x700 | Body ECU | [1]
2026-07-13 22:43:14,068 | 0x700 | Cluster ECU | [1]
2026-07-13 22:43:19,072 | 0x700 | Gateway ECU | [1]
2026-07-13 22:43:19,074 | 0x700 | Cluster ECU | [1]
2026-07-13 22:43:19,074 | 0x700 | Body ECU | [1]
2026-07-13 22:43:19,075 | 0x700 | Engine ECU | [1]
2026-07-13 22:43:24,074 | 0x700 | Gateway ECU | [1]
2026-07-13 22:43:24,075 | 0x700 | Cluster ECU | [1]
2026-07-13 22:43:24,076 | 0x700 | Body ECU | [1]
2026-07-13 22:43:24,076 | 0x700 | Engine ECU | [1]
2026-07-13 22:43:29,076 | 0x700 | Gateway ECU | [1]
2026-07-13 22:43:29,079 | 0x700 | Body ECU | [1]
2026-07-13 22:43:29,080 | 0x700 | Cluster ECU | [1]
2026-07-13 22:43:29,081 | 0x700 | Engine ECU | [1]
2026-07-13 22:43:34,077 | 0x700 | Gateway ECU | [1]
2026-07-13 22:43:34,081 | 0x700 | Body ECU | [1]
2026-07-13 22:43:34,081 | 0x700 | Cluster ECU | [1]
2026-07-13 22:43:34,082 | 0x700 | Engine ECU | [1]
2026-07-13 22:43:39,078 | 0x700 | Gateway ECU | [1]
2026-07-13 22:43:39,082 | 0x700 | Body ECU | [1]
2026-07-13 22:43:39,083 | 0x700 | Cluster ECU | [1]
2026-07-13 22:43:39,084 | 0x700 | Engine ECU | [1]
2026-07-13 22:43:44,079 | 0x700 | Gateway ECU | [1]
2026-07-13 22:43:44,086 | 0x700 | Cluster ECU | [1]
2026-07-13 22:43:44,086 | 0x700 | Body ECU | [1]
2026-07-13 22:43:44,087 | 0x700 | Engine ECU | [1]
2026-07-13 22:43:49,081 | 0x700 | Gateway ECU | [1]
2026-07-13 22:43:49,088 | 0x700 | Engine ECU | [1]
2026-07-13 22:43:49,089 | 0x700 | Cluster ECU | [1]
2026-07-13 22:43:49,089 | 0x700 | Body ECU | [1]
2026-07-13 22:43:54,082 | 0x700 | Gateway ECU | [1]
2026-07-13 22:43:54,090 | 0x700 | Engine ECU | [1]
2026-07-13 22:43:54,091 | 0x700 | Cluster ECU | [1]
2026-07-13 22:43:54,091 | 0x700 | Body ECU | [1]
2026-07-13 22:43:59,085 | 0x700 | Gateway ECU | [1]
2026-07-13 22:43:59,091 | 0x700 | Engine ECU | [1]
2026-07-13 22:43:59,093 | 0x700 | Cluster ECU | [1]
2026-07-13 22:43:59,094 | 0x700 | Body ECU | [1]
2026-07-13 22:44:04,086 | 0x700 | Gateway ECU | [1]
2026-07-13 22:44:04,093 | 0x700 | Engine ECU | [1]
2026-07-13 22:44:04,095 | 0x700 | Cluster ECU | [1]
2026-07-13 22:44:04,095 | 0x700 | Body ECU | [1]
2026-07-13 22:44:09,088 | 0x700 | Gateway ECU | [1]
2026-07-13 22:44:09,095 | 0x700 | Engine ECU | [1]
2026-07-13 22:44:09,097 | 0x700 | Body ECU | [1]
2026-07-13 22:44:09,098 | 0x700 | Cluster ECU | [1]
2026-07-13 22:44:14,089 | 0x700 | Gateway ECU | [1]
2026-07-13 22:44:14,096 | 0x700 | Engine ECU | [1]
2026-07-13 22:44:14,099 | 0x700 | Body ECU | [1]
2026-07-13 22:44:14,100 | 0x700 | Cluster ECU | [1]
2026-07-13 22:44:19,090 | 0x700 | Gateway ECU | [1]
2026-07-13 22:44:19,097 | 0x700 | Engine ECU | [1]
2026-07-13 22:44:19,100 | 0x700 | Body ECU | [1]
2026-07-13 22:44:19,101 | 0x700 | Cluster ECU | [1]
2026-07-13 22:44:24,092 | 0x700 | Gateway ECU | [1]
2026-07-13 22:44:24,099 | 0x700 | Engine ECU | [1]
2026-07-13 22:44:24,103 | 0x700 | Body ECU | [1]
2026-07-13 22:44:24,104 | 0x700 | Cluster ECU | [1]
2026-07-13 22:44:29,093 | 0x700 | Gateway ECU | [1]
2026-07-13 22:44:29,100 | 0x700 | Engine ECU | [1]
2026-07-13 22:44:29,105 | 0x700 | Body ECU | [1]
2026-07-13 22:44:29,106 | 0x700 | Cluster ECU | [1]
2026-07-13 22:44:34,095 | 0x700 | Gateway ECU | [1]
2026-07-13 22:44:34,101 | 0x700 | Engine ECU | [1]
2026-07-13 22:44:34,109 | 0x700 | Body ECU | [1]
2026-07-13 22:44:34,109 | 0x700 | Cluster ECU | [1]
2026-07-13 22:44:39,097 | 0x700 | Gateway ECU | [1]
2026-07-13 22:44:39,103 | 0x700 | Engine ECU | [1]
2026-07-13 22:44:39,111 | 0x700 | Body ECU | [1]
2026-07-13 22:44:39,112 | 0x700 | Cluster ECU | [1]
2026-07-13 22:44:44,098 | 0x700 | Gateway ECU | [1]
2026-07-13 22:44:44,105 | 0x700 | Engine ECU | [1]
2026-07-13 22:44:44,113 | 0x700 | Body ECU | [1]
2026-07-13 22:44:44,113 | 0x700 | Cluster ECU | [1]
2026-07-13 22:44:49,099 | 0x700 | Gateway ECU | [1]
2026-07-13 22:44:49,106 | 0x700 | Engine ECU | [1]
2026-07-13 22:44:49,114 | 0x700 | Body ECU | [1]
2026-07-13 22:44:49,114 | 0x700 | Cluster ECU | [1]
2026-07-13 22:44:54,101 | 0x700 | Gateway ECU | [1]
2026-07-13 22:44:54,107 | 0x700 | Engine ECU | [1]
2026-07-13 22:44:54,115 | 0x700 | Cluster ECU | [1]
2026-07-13 22:44:54,116 | 0x700 | Body ECU | [1]
2026-07-13 22:44:59,102 | 0x700 | Gateway ECU | [1]
2026-07-13 22:44:59,108 | 0x700 | Engine ECU | [1]
2026-07-13 22:44:59,117 | 0x700 | Cluster ECU | [1]
2026-07-13 22:44:59,118 | 0x700 | Body ECU | [1]
2026-07-13 22:45:04,103 | 0x700 | Gateway ECU | [1]
2026-07-13 22:45:04,109 | 0x700 | Engine ECU | [1]
2026-07-13 22:45:04,119 | 0x700 | Body ECU | [1]
2026-07-13 22:45:04,119 | 0x700 | Cluster ECU | [1]
2026-07-13 22:45:09,104 | 0x700 | Gateway ECU | [1]
2026-07-13 22:45:09,110 | 0x700 | Engine ECU | [1]
2026-07-13 22:45:09,120 | 0x700 | Body ECU | [1]
2026-07-13 22:45:09,121 | 0x700 | Cluster ECU | [1]
2026-07-13 22:45:14,105 | 0x700 | Gateway ECU | [1]
2026-07-13 22:45:14,111 | 0x700 | Engine ECU | [1]
2026-07-13 22:45:14,121 | 0x700 | Body ECU | [1]
2026-07-13 22:45:14,122 | 0x700 | Cluster ECU | [1]
2026-07-13 22:45:19,107 | 0x700 | Gateway ECU | [1]
2026-07-13 22:45:19,112 | 0x700 | Engine ECU | [1]
2026-07-13 22:45:19,122 | 0x700 | Body ECU | [1]
2026-07-13 22:45:19,123 | 0x700 | Cluster ECU | [1]
2026-07-13 22:45:24,108 | 0x700 | Gateway ECU | [1]
2026-07-13 22:45:24,113 | 0x700 | Engine ECU | [1]
2026-07-13 22:45:24,125 | 0x700 | Body ECU | [1]
2026-07-13 22:45:24,126 | 0x700 | Cluster ECU | [1]
2026-07-13 22:45:29,109 | 0x700 | Gateway ECU | [1]
2026-07-13 22:45:29,114 | 0x700 | Engine ECU | [1]
2026-07-13 22:45:29,127 | 0x700 | Body ECU | [1]
2026-07-13 22:45:29,127 | 0x700 | Cluster ECU | [1]
2026-07-13 22:45:34,110 | 0x700 | Gateway ECU | [1]
2026-07-13 22:45:34,115 | 0x700 | Engine ECU | [1]
2026-07-13 22:45:34,128 | 0x700 | Cluster ECU | [1]
2026-07-13 22:45:34,129 | 0x700 | Body ECU | [1]
2026-07-13 22:45:39,111 | 0x700 | Gateway ECU | [1]
2026-07-13 22:45:39,117 | 0x700 | Engine ECU | [1]
2026-07-13 22:45:39,130 | 0x700 | Body ECU | [1]
2026-07-13 22:45:39,130 | 0x700 | Cluster ECU | [1]
2026-07-13 22:45:44,113 | 0x700 | Gateway ECU | [1]
2026-07-13 22:45:44,119 | 0x700 | Engine ECU | [1]
2026-07-13 22:45:44,131 | 0x700 | Body ECU | [1]
2026-07-13 22:45:44,131 | 0x700 | Cluster ECU | [1]
2026-07-13 22:45:49,114 | 0x700 | Gateway ECU | [1]
2026-07-13 22:45:49,120 | 0x700 | Engine ECU | [1]
2026-07-13 22:45:49,132 | 0x700 | Cluster ECU | [1]
2026-07-13 22:45:49,132 | 0x700 | Body ECU | [1]
2026-07-13 22:45:54,116 | 0x700 | Gateway ECU | [1]
2026-07-13 22:45:54,121 | 0x700 | Engine ECU | [1]
2026-07-13 22:45:54,135 | 0x700 | Cluster ECU | [1]
2026-07-13 22:45:54,135 | 0x700 | Body ECU | [1]
2026-07-13 22:45:59,117 | 0x700 | Gateway ECU | [1]
2026-07-13 22:45:59,122 | 0x700 | Engine ECU | [1]
2026-07-13 22:45:59,137 | 0x700 | Cluster ECU | [1]
2026-07-13 22:45:59,138 | 0x700 | Body ECU | [1]
2026-07-13 22:46:04,119 | 0x700 | Gateway ECU | [1]
2026-07-13 22:46:04,123 | 0x700 | Engine ECU | [1]
2026-07-13 22:46:04,138 | 0x700 | Cluster ECU | [1]
2026-07-13 22:46:04,139 | 0x700 | Body ECU | [1]
2026-07-13 22:46:09,120 | 0x700 | Gateway ECU | [1]
2026-07-13 22:46:09,124 | 0x700 | Engine ECU | [1]
2026-07-13 22:46:09,140 | 0x700 | Cluster ECU | [1]
2026-07-13 22:46:09,141 | 0x700 | Body ECU | [1]
2026-07-13 22:46:14,121 | 0x700 | Gateway ECU | [1]
2026-07-13 22:46:14,126 | 0x700 | Engine ECU | [1]
2026-07-13 22:46:14,142 | 0x700 | Cluster ECU | [1]
2026-07-13 22:46:14,142 | 0x700 | Body ECU | [1]
2026-07-13 22:46:19,122 | 0x700 | Gateway ECU | [1]
2026-07-13 22:46:19,127 | 0x700 | Engine ECU | [1]
2026-07-13 22:46:19,143 | 0x700 | Body ECU | [1]
2026-07-13 22:46:19,143 | 0x700 | Cluster ECU | [1]
2026-07-13 22:46:24,123 | 0x700 | Gateway ECU | [1]
2026-07-13 22:46:24,128 | 0x700 | Engine ECU | [1]
2026-07-13 22:46:24,145 | 0x700 | Cluster ECU | [1]
2026-07-13 22:46:24,145 | 0x700 | Body ECU | [1]
2026-07-13 22:46:29,124 | 0x700 | Gateway ECU | [1]
2026-07-13 22:46:29,129 | 0x700 | Engine ECU | [1]
2026-07-13 22:46:29,147 | 0x700 | Cluster ECU | [1]
2026-07-13 22:46:29,147 | 0x700 | Body ECU | [1]
2026-07-13 22:46:34,125 | 0x700 | Gateway ECU | [1]
2026-07-13 22:46:34,130 | 0x700 | Engine ECU | [1]
2026-07-13 22:46:34,149 | 0x700 | Body ECU | [1]
2026-07-13 22:46:34,150 | 0x700 | Cluster ECU | [1]
2026-07-13 22:46:39,127 | 0x700 | Gateway ECU | [1]
2026-07-13 22:46:39,132 | 0x700 | Engine ECU | [1]
2026-07-13 22:46:39,152 | 0x700 | Body ECU | [1]
2026-07-13 22:46:39,153 | 0x700 | Cluster ECU | [1]
2026-07-13 22:46:44,130 | 0x700 | Gateway ECU | [1]
2026-07-13 22:46:44,133 | 0x700 | Engine ECU | [1]
2026-07-13 22:46:44,155 | 0x700 | Cluster ECU | [1]
2026-07-13 22:46:44,155 | 0x700 | Body ECU | [1]
2026-07-13 22:46:49,132 | 0x700 | Gateway ECU | [1]
2026-07-13 22:46:49,135 | 0x700 | Engine ECU | [1]
2026-07-13 22:46:49,157 | 0x700 | Cluster ECU | [1]
2026-07-13 22:46:49,158 | 0x700 | Body ECU | [1]
2026-07-13 22:46:54,134 | 0x700 | Gateway ECU | [1]
2026-07-13 22:46:54,136 | 0x700 | Engine ECU | [1]
2026-07-13 22:46:54,159 | 0x700 | Cluster ECU | [1]
2026-07-13 22:46:54,159 | 0x700 | Body ECU | [1]
2026-07-13 22:46:59,135 | 0x700 | Gateway ECU | [1]
2026-07-13 22:46:59,137 | 0x700 | Engine ECU | [1]
2026-07-13 22:46:59,160 | 0x700 | Cluster ECU | [1]
2026-07-13 22:46:59,160 | 0x700 | Body ECU | [1]
2026-07-13 22:47:04,138 | 0x700 | Gateway ECU | [1]
2026-07-13 22:47:04,139 | 0x700 | Engine ECU | [1]
2026-07-13 22:47:04,163 | 0x700 | Body ECU | [1]
2026-07-13 22:47:04,163 | 0x700 | Cluster ECU | [1]
2026-07-13 22:47:09,141 | 0x700 | Engine ECU | [1]
2026-07-13 22:47:09,142 | 0x700 | Gateway ECU | [1]
2026-07-13 22:47:09,165 | 0x700 | Cluster ECU | [1]
2026-07-13 22:47:09,166 | 0x700 | Body ECU | [1]
2026-07-13 22:47:14,143 | 0x700 | Engine ECU | [1]
2026-07-13 22:47:14,143 | 0x700 | Gateway ECU | [1]
2026-07-13 22:47:14,167 | 0x700 | Cluster ECU | [1]
2026-07-13 22:47:14,167 | 0x700 | Body ECU | [1]
2026-07-13 22:47:19,144 | 0x700 | Engine ECU | [1]
2026-07-13 22:47:19,144 | 0x700 | Gateway ECU | [1]
2026-07-13 22:47:19,168 | 0x700 | Body ECU | [1]
2026-07-13 22:47:19,169 | 0x700 | Cluster ECU | [1]
2026-07-13 22:47:24,145 | 0x700 | Engine ECU | [1]
2026-07-13 22:47:24,145 | 0x700 | Gateway ECU | [1]
2026-07-13 22:47:24,170 | 0x700 | Cluster ECU | [1]
2026-07-13 22:47:24,171 | 0x700 | Body ECU | [1]
2026-07-13 22:47:29,147 | 0x700 | Engine ECU | [1]
2026-07-13 22:47:29,148 | 0x700 | Gateway ECU | [1]
2026-07-13 22:47:29,173 | 0x700 | Cluster ECU | [1]
2026-07-13 22:47:29,173 | 0x700 | Body ECU | [1]
2026-07-13 22:47:34,150 | 0x700 | Engine ECU | [1]
2026-07-13 22:47:34,150 | 0x700 | Gateway ECU | [1]
2026-07-13 22:47:34,176 | 0x700 | Cluster ECU | [1]
2026-07-13 22:47:34,176 | 0x700 | Body ECU | [1]
2026-07-13 22:47:39,154 | 0x700 | Engine ECU | [1]
2026-07-13 22:47:39,154 | 0x700 | Gateway ECU | [1]
2026-07-13 22:47:39,178 | 0x700 | Body ECU | [1]
2026-07-13 22:47:39,178 | 0x700 | Cluster ECU | [1]
2026-07-13 22:47:44,156 | 0x700 | Gateway ECU | [1]
2026-07-13 22:47:44,156 | 0x700 | Engine ECU | [1]
2026-07-13 22:47:44,179 | 0x700 | Body ECU | [1]
2026-07-13 22:47:44,179 | 0x700 | Cluster ECU | [1]
2026-07-13 22:47:49,158 | 0x700 | Gateway ECU | [1]
2026-07-13 22:47:49,158 | 0x700 | Engine ECU | [1]
2026-07-13 22:47:49,180 | 0x700 | Body ECU | [1]
2026-07-13 22:47:49,181 | 0x700 | Cluster ECU | [1]
2026-07-13 22:47:54,160 | 0x700 | Gateway ECU | [1]
2026-07-13 22:47:54,160 | 0x700 | Engine ECU | [1]
2026-07-13 22:47:54,182 | 0x700 | Body ECU | [1]
2026-07-13 22:47:54,182 | 0x700 | Cluster ECU | [1]
2026-07-13 22:47:59,162 | 0x700 | Gateway ECU | [1]
2026-07-13 22:47:59,163 | 0x700 | Engine ECU | [1]
2026-07-13 22:47:59,185 | 0x700 | Cluster ECU | [1]
2026-07-13 22:47:59,185 | 0x700 | Body ECU | [1]
2026-07-13 22:48:04,165 | 0x700 | Gateway ECU | [1]
2026-07-13 22:48:04,165 | 0x700 | Engine ECU | [1]
2026-07-13 22:48:04,188 | 0x700 | Cluster ECU | [1]
2026-07-13 22:48:04,189 | 0x700 | Body ECU | [1]
2026-07-13 22:48:09,166 | 0x700 | Gateway ECU | [1]
2026-07-13 22:48:09,166 | 0x700 | Engine ECU | [1]
2026-07-13 22:48:09,190 | 0x700 | Cluster ECU | [1]
2026-07-13 22:48:09,190 | 0x700 | Body ECU | [1]
2026-07-13 22:48:14,168 | 0x700 | Gateway ECU | [1]
2026-07-13 22:48:14,168 | 0x700 | Engine ECU | [1]
2026-07-13 22:48:14,191 | 0x700 | Cluster ECU | [1]
2026-07-13 22:48:14,192 | 0x700 | Body ECU | [1]
2026-07-13 22:48:19,170 | 0x700 | Gateway ECU | [1]
2026-07-13 22:48:19,170 | 0x700 | Engine ECU | [1]
2026-07-13 22:48:19,193 | 0x700 | Cluster ECU | [1]
2026-07-13 22:48:19,193 | 0x700 | Body ECU | [1]
2026-07-13 22:48:24,171 | 0x700 | Gateway ECU | [1]
2026-07-13 22:48:24,171 | 0x700 | Engine ECU | [1]
2026-07-13 22:48:24,193 | 0x700 | Cluster ECU | [1]
2026-07-13 22:48:24,194 | 0x700 | Body ECU | [1]
2026-07-13 22:48:29,173 | 0x700 | Engine ECU | [1]
2026-07-13 22:48:29,173 | 0x700 | Gateway ECU | [1]
2026-07-13 22:48:29,196 | 0x700 | Body ECU | [1]
2026-07-13 22:48:29,197 | 0x700 | Cluster ECU | [1]
2026-07-13 22:48:34,175 | 0x700 | Engine ECU | [1]
2026-07-13 22:48:34,175 | 0x700 | Gateway ECU | [1]
2026-07-13 22:48:34,197 | 0x700 | Body ECU | [1]
2026-07-13 22:48:34,198 | 0x700 | Cluster ECU | [1]
2026-07-13 22:48:39,176 | 0x700 | Engine ECU | [1]
2026-07-13 22:48:39,176 | 0x700 | Gateway ECU | [1]
2026-07-13 22:48:39,198 | 0x700 | Body ECU | [1]
2026-07-13 22:48:39,199 | 0x700 | Cluster ECU | [1]
2026-07-13 22:48:44,179 | 0x700 | Gateway ECU | [1]
2026-07-13 22:48:44,180 | 0x700 | Engine ECU | [1]
2026-07-13 22:48:44,201 | 0x700 | Cluster ECU | [1]
2026-07-13 22:48:44,202 | 0x700 | Body ECU | [1]
2026-07-13 22:48:49,181 | 0x700 | Gateway ECU | [1]
2026-07-13 22:48:49,181 | 0x700 | Engine ECU | [1]
2026-07-13 22:48:49,204 | 0x700 | Body ECU | [1]
2026-07-13 22:48:49,204 | 0x700 | Cluster ECU | [1]
2026-07-13 22:48:54,183 | 0x700 | Gateway ECU | [1]
2026-07-13 22:48:54,183 | 0x700 | Engine ECU | [1]
2026-07-13 22:48:54,206 | 0x700 | Body ECU | [1]
2026-07-13 22:48:54,206 | 0x700 | Cluster ECU | [1]
2026-07-13 22:48:59,184 | 0x700 | Gateway ECU | [1]
2026-07-13 22:48:59,184 | 0x700 | Engine ECU | [1]
2026-07-13 22:48:59,207 | 0x700 | Body ECU | [1]
2026-07-13 22:48:59,208 | 0x700 | Cluster ECU | [1]
2026-07-13 22:49:04,185 | 0x700 | Gateway ECU | [1]
2026-07-13 22:49:04,186 | 0x700 | Engine ECU | [1]
2026-07-13 22:49:04,208 | 0x700 | Body ECU | [1]
2026-07-13 22:49:04,209 | 0x700 | Cluster ECU | [1]
2026-07-13 22:49:09,186 | 0x700 | Gateway ECU | [1]
2026-07-13 22:49:09,187 | 0x700 | Engine ECU | [1]
2026-07-13 22:49:09,210 | 0x700 | Cluster ECU | [1]
2026-07-13 22:49:09,211 | 0x700 | Body ECU | [1]
2026-07-13 22:49:14,188 | 0x700 | Gateway ECU | [1]
2026-07-13 22:49:14,188 | 0x700 | Engine ECU | [1]
2026-07-13 22:49:14,212 | 0x700 | Body ECU | [1]
2026-07-13 22:49:14,212 | 0x700 | Cluster ECU | [1]
2026-07-13 22:49:19,190 | 0x700 | Gateway ECU | [1]
2026-07-13 22:49:19,190 | 0x700 | Engine ECU | [1]
2026-07-13 22:49:19,213 | 0x700 | Cluster ECU | [1]
2026-07-13 22:49:19,214 | 0x700 | Body ECU | [1]
2026-07-13 22:49:24,192 | 0x700 | Gateway ECU | [1]
2026-07-13 22:49:24,192 | 0x700 | Engine ECU | [1]
2026-07-13 22:49:24,215 | 0x700 | Cluster ECU | [1]
2026-07-13 22:49:24,216 | 0x700 | Body ECU | [1]
2026-07-13 22:49:29,193 | 0x700 | Engine ECU | [1]
2026-07-13 22:49:29,194 | 0x700 | Gateway ECU | [1]
2026-07-13 22:49:29,217 | 0x700 | Cluster ECU | [1]
2026-07-13 22:49:29,217 | 0x700 | Body ECU | [1]
2026-07-13 22:49:34,197 | 0x700 | Engine ECU | [1]
2026-07-13 22:49:34,197 | 0x700 | Gateway ECU | [1]
2026-07-13 22:49:34,220 | 0x700 | Cluster ECU | [1]
2026-07-13 22:49:34,220 | 0x700 | Body ECU | [1]
2026-07-13 22:49:39,198 | 0x700 | Engine ECU | [1]
2026-07-13 22:49:39,198 | 0x700 | Gateway ECU | [1]
2026-07-13 22:49:39,222 | 0x700 | Cluster ECU | [1]
2026-07-13 22:49:39,222 | 0x700 | Body ECU | [1]
2026-07-13 22:49:44,200 | 0x700 | Engine ECU | [1]
2026-07-13 22:49:44,200 | 0x700 | Gateway ECU | [1]
2026-07-13 22:49:44,223 | 0x700 | Cluster ECU | [1]
2026-07-13 22:49:44,224 | 0x700 | Body ECU | [1]
2026-07-13 22:49:49,203 | 0x700 | Gateway ECU | [1]
2026-07-13 22:49:49,203 | 0x700 | Engine ECU | [1]
2026-07-13 22:49:49,225 | 0x700 | Cluster ECU | [1]
2026-07-13 22:49:49,226 | 0x700 | Body ECU | [1]
2026-07-13 22:49:54,204 | 0x700 | Gateway ECU | [1]
2026-07-13 22:49:54,205 | 0x700 | Engine ECU | [1]
2026-07-13 22:49:54,228 | 0x700 | Body ECU | [1]
2026-07-13 22:49:54,228 | 0x700 | Cluster ECU | [1]
2026-07-13 22:49:59,206 | 0x700 | Gateway ECU | [1]
2026-07-13 22:49:59,206 | 0x700 | Engine ECU | [1]
2026-07-13 22:49:59,229 | 0x700 | Body ECU | [1]
2026-07-13 22:49:59,230 | 0x700 | Cluster ECU | [1]
2026-07-13 22:50:04,207 | 0x700 | Engine ECU | [1]
2026-07-13 22:50:04,207 | 0x700 | Gateway ECU | [1]
2026-07-13 22:50:04,231 | 0x700 | Body ECU | [1]
2026-07-13 22:50:04,231 | 0x700 | Cluster ECU | [1]
2026-07-13 22:50:09,209 | 0x700 | Engine ECU | [1]
2026-07-13 22:50:09,209 | 0x700 | Gateway ECU | [1]
2026-07-13 22:50:09,233 | 0x700 | Cluster ECU | [1]
2026-07-13 22:50:09,233 | 0x700 | Body ECU | [1]
2026-07-13 22:50:14,210 | 0x700 | Gateway ECU | [1]
2026-07-13 22:50:14,211 | 0x700 | Engine ECU | [1]
2026-07-13 22:50:14,235 | 0x700 | Cluster ECU | [1]
2026-07-13 22:50:14,235 | 0x700 | Body ECU | [1]
2026-07-13 22:50:19,212 | 0x700 | Gateway ECU | [1]
2026-07-13 22:50:19,212 | 0x700 | Engine ECU | [1]
2026-07-13 22:50:19,236 | 0x700 | Cluster ECU | [1]
2026-07-13 22:50:19,237 | 0x700 | Body ECU | [1]
2026-07-13 22:50:24,213 | 0x700 | Gateway ECU | [1]
2026-07-13 22:50:24,214 | 0x700 | Engine ECU | [1]
2026-07-13 22:50:24,237 | 0x700 | Cluster ECU | [1]
2026-07-13 22:50:24,238 | 0x700 | Body ECU | [1]
2026-07-13 22:50:29,215 | 0x700 | Gateway ECU | [1]
2026-07-13 22:50:29,215 | 0x700 | Engine ECU | [1]
2026-07-13 22:50:29,238 | 0x700 | Cluster ECU | [1]
2026-07-13 22:50:29,238 | 0x700 | Body ECU | [1]
2026-07-13 22:50:34,217 | 0x700 | Gateway ECU | [1]
2026-07-13 22:50:34,217 | 0x700 | Engine ECU | [1]
2026-07-13 22:50:34,240 | 0x700 | Body ECU | [1]
2026-07-13 22:50:34,240 | 0x700 | Cluster ECU | [1]
2026-07-13 22:50:39,220 | 0x700 | Engine ECU | [1]
2026-07-13 22:50:39,221 | 0x700 | Gateway ECU | [1]
2026-07-13 22:50:39,243 | 0x700 | Body ECU | [1]
2026-07-13 22:50:39,243 | 0x700 | Cluster ECU | [1]
2026-07-13 22:50:44,222 | 0x700 | Engine ECU | [1]
2026-07-13 22:50:44,222 | 0x700 | Gateway ECU | [1]
2026-07-13 22:50:44,244 | 0x700 | Cluster ECU | [1]
2026-07-13 22:50:44,245 | 0x700 | Body ECU | [1]
2026-07-13 22:50:49,224 | 0x700 | Engine ECU | [1]
2026-07-13 22:50:49,224 | 0x700 | Gateway ECU | [1]
2026-07-13 22:50:49,246 | 0x700 | Cluster ECU | [1]
2026-07-13 22:50:49,246 | 0x700 | Body ECU | [1]
2026-07-13 22:50:54,225 | 0x700 | Engine ECU | [1]
2026-07-13 22:50:54,226 | 0x700 | Gateway ECU | [1]
2026-07-13 22:50:54,247 | 0x700 | Cluster ECU | [1]
2026-07-13 22:50:54,248 | 0x700 | Body ECU | [1]
2026-07-13 22:50:59,227 | 0x700 | Engine ECU | [1]
2026-07-13 22:50:59,228 | 0x700 | Gateway ECU | [1]
2026-07-13 22:50:59,252 | 0x700 | Cluster ECU | [1]
2026-07-13 22:50:59,253 | 0x700 | Body ECU | [1]
2026-07-13 22:51:04,229 | 0x700 | Gateway ECU | [1]
2026-07-13 22:51:04,229 | 0x700 | Engine ECU | [1]
2026-07-13 22:51:04,254 | 0x700 | Cluster ECU | [1]
2026-07-13 22:51:04,254 | 0x700 | Body ECU | [1]
2026-07-13 22:51:09,231 | 0x700 | Gateway ECU | [1]
2026-07-13 22:51:09,231 | 0x700 | Engine ECU | [1]
2026-07-13 22:51:09,256 | 0x700 | Cluster ECU | [1]
2026-07-13 22:51:09,256 | 0x700 | Body ECU | [1]
2026-07-13 22:53:12,854 | 0x700 | Engine ECU | [1]
2026-07-13 22:53:12,855 | 0x101 | Engine ECU | [0, 8]
2026-07-13 22:53:12,855 | 0x700 | Cluster ECU | [1]
2026-07-13 22:53:12,855 | 0x700 | Gateway ECU | [1]
2026-07-13 22:53:12,855 | 0x700 | Body ECU | [1]
2026-07-13 22:53:13,857 | 0x101 | Engine ECU | [20, 13]
2026-07-13 23:08:59,406 | 0x101 | Engine ECU | [0, 8]
2026-07-13 23:09:00,409 | 0x101 | Engine ECU | [20, 13]
2026-07-13 23:09:01,412 | 0x101 | Engine ECU | [40, 18]
2026-07-13 23:09:02,414 | 0x101 | Engine ECU | [60, 23]
2026-07-13 23:09:03,416 | 0x101 | Engine ECU | [80, 28]
2026-07-13 23:09:04,419 | 0x101 | Engine ECU | [100, 33]
2026-07-13 23:09:05,422 | 0x101 | Engine ECU | [80, 28]
2026-07-13 23:09:06,423 | 0x101 | Engine ECU | [60, 23]
2026-07-13 23:09:07,425 | 0x101 | Engine ECU | [40, 18]
2026-07-13 23:09:08,427 | 0x101 | Engine ECU | [20, 13]
2026-07-13 23:09:09,429 | 0x101 | Engine ECU | [0, 8]
2026-07-13 23:24:58,251 | 0x101 | Engine ECU | [0, 8]
2026-07-13 23:24:59,253 | 0x101 | Engine ECU | [20, 13]
2026-07-13 23:25:00,255 | 0x101 | Engine ECU | [40, 18]
2026-07-13 23:25:00,834 | 0x200 | Dashboard | [1]
2026-07-13 23:25:01,258 | 0x101 | Engine ECU | [60, 23]
2026-07-13 23:25:01,722 | 0x200 | Dashboard | [2]
2026-07-13 23:25:02,260 | 0x101 | Engine ECU | [80, 28]
2026-07-13 23:25:03,232 | 0x200 | Dashboard | [1]
2026-07-13 23:25:03,262 | 0x101 | Engine ECU | [100, 33]
2026-07-13 23:25:03,908 | 0x200 | Dashboard | [2]
2026-07-13 23:25:04,265 | 0x101 | Engine ECU | [80, 28]
2026-07-13 23:25:04,334 | 0x200 | Dashboard | [2]
2026-07-13 23:25:05,200 | 0x200 | Dashboard | [1]
2026-07-13 23:25:05,267 | 0x101 | Engine ECU | [60, 23]
2026-07-13 23:25:05,775 | 0x200 | Dashboard | [2]
2026-07-13 23:25:06,270 | 0x101 | Engine ECU | [40, 18]
2026-07-13 23:25:06,530 | 0x200 | Dashboard | [1]
2026-07-13 23:25:07,273 | 0x101 | Engine ECU | [20, 13]
2026-07-13 23:25:07,361 | 0x200 | Dashboard | [2]
2026-07-13 23:25:08,275 | 0x101 | Engine ECU | [0, 8]
2026-07-13 23:33:15,104 | 0x101 | Engine ECU | [0, 8]
2026-07-13 23:33:16,107 | 0x101 | Engine ECU | [20, 13]
2026-07-13 23:33:17,111 | 0x101 | Engine ECU | [40, 18]
2026-07-13 23:33:18,113 | 0x101 | Engine ECU | [60, 23]
2026-07-13 23:33:19,115 | 0x101 | Engine ECU | [80, 28]
2026-07-13 23:33:20,116 | 0x101 | Engine ECU | [100, 33]
2026-07-13 23:33:21,119 | 0x101 | Engine ECU | [80, 28]
